{"timestamp":"2026-05-04T11:16:44.687688Z","level":"info","event":"DAG bundles loaded: dags-folder, example_dags","logger":"airflow.dag_processing.bundles.manager.DagBundlesManager","filename":"manager.py","lineno":209}
{"timestamp":"2026-05-04T11:16:44.688295Z","level":"info","event":"Filling up the DagBag from /opt/airflow/dags/hw_dag.py","logger":"airflow.dag_processing.dagbag.BundleDagBag","filename":"dagbag.py","lineno":469}
{"timestamp":"2026-05-04T11:16:45.230484Z","level":"warning","event":"The `airflow.operators.python.PythonOperator` attribute is deprecated. Please use `'airflow.providers.standard.operators.python.PythonOperator'`.","category":"UserWarning","filename":"/opt/airflow/dags/hw_dag.py","lineno":6,"logger":"py.warnings"}
{"timestamp":"2026-05-04T11:16:45.259713Z","level":"info","event":"Task instance is in running state","logger":"task.stdout"}
{"timestamp":"2026-05-04T11:16:45.262521Z","level":"info","event":" Previous state of the Task instance: TaskInstanceState.QUEUED","logger":"task.stdout"}
{"timestamp":"2026-05-04T11:16:45.262677Z","level":"info","event":"Current task name:pipeline","logger":"task.stdout"}
{"timestamp":"2026-05-04T11:16:45.262773Z","level":"info","event":"Dag name:car_price_prediction","logger":"task.stdout"}
{"timestamp":"2026-05-04T11:16:45.791119Z","level":"error","event":"Task failed with exception","logger":"task","filename":"task_runner.py","lineno":1347,"error_detail":[{"exc_type":"ValueError","exc_value":"\nAll the 4 fits failed.\nIt is very likely that your model is misconfigured.\nYou can try to debug the error by setting error_score='raise'.\n\nBelow are more details about the failures:\n--------------------------------------------------------------------------------\n4 fits failed with the following error:\nTraceback (most recent call last):\n  File \"/home/airflow/.local/lib/python3.13/site-packages/sklearn/model_selection/_validation.py\", line 833, in _fit_and_score\n    estimator.fit(X_train, y_train, **fit_params)\n    ~~~~~~~~~~~~~^^^^^^^^^^^^^^^^^^^^^^^^^^^^^^^^\n  File \"/home/airflow/.local/lib/python3.13/site-packages/sklearn/base.py\", line 1336, in wrapper\n    return fit_method(estimator, *args, **kwargs)\n  File \"/home/airflow/.local/lib/python3.13/site-packages/sklearn/pipeline.py\", line 621, in fit\n    self._final_estimator.fit(Xt, y, **last_step_params[\"fit\"])\n    ~~~~~~~~~~~~~~~~~~~~~~~~~^^^^^^^^^^^^^^^^^^^^^^^^^^^^^^^^^^\n  File \"/home/airflow/.local/lib/python3.13/site-packages/sklearn/base.py\", line 1336, in wrapper\n    return fit_method(estimator, *args, **kwargs)\n  File \"/home/airflow/.local/lib/python3.13/site-packages/sklearn/linear_model/_logistic.py\", line 1208, in fit\n    raise ValueError(\n    ...<4 lines>...\n    )\nValueError: The 'liblinear' solver does not support multiclass classification (n_classes >= 3). Either use another solver or wrap the estimator in a OneVsRestClassifier to keep applying a one-versus-rest scheme.\n","exc_notes":[],"syntax_error":null,"is_cause":false,"frames":[{"filename":"/home/airflow/.local/lib/python3.13/site-packages/airflow/sdk/execution_time/task_runner.py","lineno":1263,"name":"run"},{"filename":"/home/airflow/.local/lib/python3.13/site-packages/airflow/sdk/execution_time/task_runner.py","lineno":1678,"name":"_execute_task"},{"filename":"/home/airflow/.local/lib/python3.13/site-packages/airflow/sdk/bases/operator.py","lineno":443,"name":"wrapper"},{"filename":"/home/airflow/.local/lib/python3.13/site-packages/airflow/providers/standard/operators/python.py","lineno":227,"name":"execute"},{"filename":"/home/airflow/.local/lib/python3.13/site-packages/airflow/providers/standard/operators/python.py","lineno":250,"name":"execute_callable"},{"filename":"/home/airflow/.local/lib/python3.13/site-packages/airflow/sdk/execution_time/callback_runner.py","lineno":97,"name":"run"},{"filename":"/opt/airflow/dags/modules/pipeline.py","lineno":115,"name":"pipeline"},{"filename":"/home/airflow/.local/lib/python3.13/site-packages/sklearn/utils/_param_validation.py","lineno":218,"name":"wrapper"},{"filename":"/home/airflow/.local/lib/python3.13/site-packages/sklearn/model_selection/_validation.py","lineno":651,"name":"cross_val_score"},{"filename":"/home/airflow/.local/lib/python3.13/site-packages/sklearn/utils/_param_validation.py","lineno":218,"name":"wrapper"},{"filename":"/home/airflow/.local/lib/python3.13/site-packages/sklearn/model_selection/_validation.py","lineno":393,"name":"cross_validate"},{"filename":"/home/airflow/.local/lib/python3.13/site-packages/sklearn/model_selection/_validation.py","lineno":479,"name":"_warn_or_raise_about_fit_failures"}],"is_group":false,"exceptions":[]}]}
{"timestamp":"2026-05-04T11:16:45.793716Z","level":"info","event":"Task instance in failure state","logger":"task.stdout"}
{"timestamp":"2026-05-04T11:16:45.804557Z","level":"info","event":"Task start","logger":"task.stdout"}
{"timestamp":"2026-05-04T11:16:45.804688Z","level":"info","event":"Task:<Task(PythonOperator): pipeline>","logger":"task.stdout"}
{"timestamp":"2026-05-04T11:16:45.804768Z","level":"info","event":"Failure caused by","logger":"task.stdout"}
{"timestamp":"2026-05-04T11:16:45.804836Z","level":"info","event":"All the 4 fits failed.","logger":"task.stdout"}
{"timestamp":"2026-05-04T11:16:45.804912Z","level":"info","event":"It is very likely that your model is misconfigured.","logger":"task.stdout"}
{"timestamp":"2026-05-04T11:16:45.804987Z","level":"info","event":"You can try to debug the error by setting error_score='raise'.","logger":"task.stdout"}
{"timestamp":"2026-05-04T11:16:45.805068Z","level":"info","event":"","logger":"task.stdout"}
{"timestamp":"2026-05-04T11:16:45.805136Z","level":"info","event":"Below are more details about the failures:","logger":"task.stdout"}
{"timestamp":"2026-05-04T11:16:45.805205Z","level":"info","event":"--------------------------------------------------------------------------------","logger":"task.stdout"}
{"timestamp":"2026-05-04T11:16:45.805265Z","level":"info","event":"4 fits failed with the following error:","logger":"task.stdout"}
{"timestamp":"2026-05-04T11:16:45.805350Z","level":"info","event":"Traceback (most recent call last):","logger":"task.stdout"}
{"timestamp":"2026-05-04T11:16:45.805421Z","level":"info","event":"  File \"/home/airflow/.local/lib/python3.13/site-packages/sklearn/model_selection/_validation.py\", line 833, in _fit_and_score","logger":"task.stdout"}
{"timestamp":"2026-05-04T11:16:45.805503Z","level":"info","event":"    estimator.fit(X_train, y_train, **fit_params)","logger":"task.stdout"}
{"timestamp":"2026-05-04T11:16:45.805574Z","level":"info","event":"    ~~~~~~~~~~~~~^^^^^^^^^^^^^^^^^^^^^^^^^^^^^^^^","logger":"task.stdout"}
{"timestamp":"2026-05-04T11:16:45.805654Z","level":"info","event":"  File \"/home/airflow/.local/lib/python3.13/site-packages/sklearn/base.py\", line 1336, in wrapper","logger":"task.stdout"}
{"timestamp":"2026-05-04T11:16:45.805731Z","level":"info","event":"    return fit_method(estimator, *args, **kwargs)","logger":"task.stdout"}
{"timestamp":"2026-05-04T11:16:45.805799Z","level":"info","event":"  File \"/home/airflow/.local/lib/python3.13/site-packages/sklearn/pipeline.py\", line 621, in fit","logger":"task.stdout"}
{"timestamp":"2026-05-04T11:16:45.805905Z","level":"info","event":"    self._final_estimator.fit(Xt, y, **last_step_params[\"fit\"])","logger":"task.stdout"}
{"timestamp":"2026-05-04T11:16:45.805975Z","level":"info","event":"    ~~~~~~~~~~~~~~~~~~~~~~~~~^^^^^^^^^^^^^^^^^^^^^^^^^^^^^^^^^^","logger":"task.stdout"}
{"timestamp":"2026-05-04T11:16:45.806042Z","level":"info","event":"  File \"/home/airflow/.local/lib/python3.13/site-packages/sklearn/base.py\", line 1336, in wrapper","logger":"task.stdout"}
{"timestamp":"2026-05-04T11:16:45.806117Z","level":"info","event":"    return fit_method(estimator, *args, **kwargs)","logger":"task.stdout"}
{"timestamp":"2026-05-04T11:16:45.806196Z","level":"info","event":"  File \"/home/airflow/.local/lib/python3.13/site-packages/sklearn/linear_model/_logistic.py\", line 1208, in fit","logger":"task.stdout"}
{"timestamp":"2026-05-04T11:16:45.806301Z","level":"info","event":"    raise ValueError(","logger":"task.stdout"}
{"timestamp":"2026-05-04T11:16:45.806503Z","level":"info","event":"    ...<4 lines>...","logger":"task.stdout"}
{"timestamp":"2026-05-04T11:16:45.806613Z","level":"info","event":"    )","logger":"task.stdout"}
{"timestamp":"2026-05-04T11:16:45.806747Z","level":"info","event":"ValueError: The 'liblinear' solver does not support multiclass classification (n_classes >= 3). Either use another solver or wrap the estimator in a OneVsRestClassifier to keep applying a one-versus-rest scheme.","logger":"task.stdout"}
{"timestamp":"2026-05-04T11:16:45.806846Z","level":"info","event":"","logger":"task.stdout"}
